This is pdfTeX, Version 3.1415926-2.5-1.40.14 (TeX Live 2013) (format=pdflatex 2013.5.30)  14 APR 2015 15:45
entering extended mode
 restricted \write18 enabled.
 file:line:error style messages enabled.
 %&-line parsing enabled.
**"Thesis Report.tex"
(./Thesis Report.tex
LaTeX2e <2011/06/27>
Babel <3.9f> and hyphenation patterns for 78 languages loaded.
(/usr/local/texlive/2013/texmf-dist/tex/latex/base/article.cls
Document Class: article 2007/10/19 v1.4h Standard LaTeX document class
(/usr/local/texlive/2013/texmf-dist/tex/latex/base/size12.clo
File: size12.clo 2007/10/19 v1.4h Standard LaTeX file (size option)
)
\c@part=\count79
\c@section=\count80
\c@subsection=\count81
\c@subsubsection=\count82
\c@paragraph=\count83
\c@subparagraph=\count84
\c@figure=\count85
\c@table=\count86
\abovecaptionskip=\skip41
\belowcaptionskip=\skip42
\bibindent=\dimen102
)
(/usr/local/texlive/2013/texmf-dist/tex/latex/geometry/geometry.sty
Package: geometry 2010/09/12 v5.6 Page Geometry

(/usr/local/texlive/2013/texmf-dist/tex/latex/graphics/keyval.sty
Package: keyval 1999/03/16 v1.13 key=value parser (DPC)
\KV@toks@=\toks14
)
(/usr/local/texlive/2013/texmf-dist/tex/generic/oberdiek/ifpdf.sty
Package: ifpdf 2011/01/30 v2.3 Provides the ifpdf switch (HO)
Package ifpdf Info: pdfTeX in PDF mode is detected.
)
(/usr/local/texlive/2013/texmf-dist/tex/generic/oberdiek/ifvtex.sty
Package: ifvtex 2010/03/01 v1.5 Detect VTeX and its facilities (HO)
Package ifvtex Info: VTeX not detected.
)
(/usr/local/texlive/2013/texmf-dist/tex/generic/ifxetex/ifxetex.sty
Package: ifxetex 2010/09/12 v0.6 Provides ifxetex conditional
)
\Gm@cnth=\count87
\Gm@cntv=\count88
\c@Gm@tempcnt=\count89
\Gm@bindingoffset=\dimen103
\Gm@wd@mp=\dimen104
\Gm@odd@mp=\dimen105
\Gm@even@mp=\dimen106
\Gm@layoutwidth=\dimen107
\Gm@layoutheight=\dimen108
\Gm@layouthoffset=\dimen109
\Gm@layoutvoffset=\dimen110
\Gm@dimlist=\toks15
)
(/usr/local/texlive/2013/texmf-dist/tex/latex/setspace/setspace.sty
Package: setspace 2011/12/19 v6.7a set line spacing
)
(/usr/local/texlive/2013/texmf-dist/tex/latex/enumitem/enumitem.sty
Package: enumitem 2011/09/28 v3.5.2 Customized lists
\labelindent=\skip43
\enit@outerparindent=\dimen111
\enit@toks=\toks16
\enit@inbox=\box26
\enitdp@description=\count90
)
(/usr/local/texlive/2013/texmf-dist/tex/latex/titling/titling.sty
Package: titling 2009/09/04 v2.1d maketitle typesetting
\thanksmarkwidth=\skip44
\thanksmargin=\skip45
\droptitle=\skip46
)
(/usr/local/texlive/2013/texmf-dist/tex/generic/ulem/ulem.sty
\UL@box=\box27
\UL@hyphenbox=\box28
\UL@skip=\skip47
\UL@hook=\toks17
\UL@height=\dimen112
\UL@pe=\count91
\UL@pixel=\dimen113
\ULC@box=\box29
Package: ulem 2012/05/18
\ULdepth=\dimen114
)
(/usr/local/texlive/2013/texmf-dist/tex/latex/graphics/graphicx.sty
Package: graphicx 1999/02/16 v1.0f Enhanced LaTeX Graphics (DPC,SPQR)

(/usr/local/texlive/2013/texmf-dist/tex/latex/graphics/graphics.sty
Package: graphics 2009/02/05 v1.0o Standard LaTeX Graphics (DPC,SPQR)

(/usr/local/texlive/2013/texmf-dist/tex/latex/graphics/trig.sty
Package: trig 1999/03/16 v1.09 sin cos tan (DPC)
)
(/usr/local/texlive/2013/texmf-dist/tex/latex/latexconfig/graphics.cfg
File: graphics.cfg 2010/04/23 v1.9 graphics configuration of TeX Live
)
Package graphics Info: Driver file: pdftex.def on input line 91.

(/usr/local/texlive/2013/texmf-dist/tex/latex/pdftex-def/pdftex.def
File: pdftex.def 2011/05/27 v0.06d Graphics/color for pdfTeX

(/usr/local/texlive/2013/texmf-dist/tex/generic/oberdiek/infwarerr.sty
Package: infwarerr 2010/04/08 v1.3 Providing info/warning/error messages (HO)
)
(/usr/local/texlive/2013/texmf-dist/tex/generic/oberdiek/ltxcmds.sty
Package: ltxcmds 2011/11/09 v1.22 LaTeX kernel commands for general use (HO)
)
\Gread@gobject=\count92
))
\Gin@req@height=\dimen115
\Gin@req@width=\dimen116
)
(./Thesis Report.aux)
\openout1 = `"Thesis Report.aux"'.

LaTeX Font Info:    Checking defaults for OML/cmm/m/it on input line 13.
LaTeX Font Info:    ... okay on input line 13.
LaTeX Font Info:    Checking defaults for T1/cmr/m/n on input line 13.
LaTeX Font Info:    ... okay on input line 13.
LaTeX Font Info:    Checking defaults for OT1/cmr/m/n on input line 13.
LaTeX Font Info:    ... okay on input line 13.
LaTeX Font Info:    Checking defaults for OMS/cmsy/m/n on input line 13.
LaTeX Font Info:    ... okay on input line 13.
LaTeX Font Info:    Checking defaults for OMX/cmex/m/n on input line 13.
LaTeX Font Info:    ... okay on input line 13.
LaTeX Font Info:    Checking defaults for U/cmr/m/n on input line 13.
LaTeX Font Info:    ... okay on input line 13.

*geometry* driver: auto-detecting
*geometry* detected driver: pdftex
*geometry* verbose mode - [ preamble ] result:
* driver: pdftex
* paper: <default>
* layout: <same size as paper>
* layoutoffset:(h,v)=(0.0pt,0.0pt)
* modes: 
* h-part:(L,W,R)=(108.405pt, 433.62001pt, 72.26999pt)
* v-part:(T,H,B)=(72.26999pt, 650.43001pt, 72.26999pt)
* \paperwidth=614.295pt
* \paperheight=794.96999pt
* \textwidth=433.62001pt
* \textheight=650.43001pt
* \oddsidemargin=36.13501pt
* \evensidemargin=36.13501pt
* \topmargin=-37.0pt
* \headheight=12.0pt
* \headsep=25.0pt
* \topskip=12.0pt
* \footskip=30.0pt
* \marginparwidth=44.0pt
* \marginparsep=10.0pt
* \columnsep=10.0pt
* \skip\footins=10.8pt plus 4.0pt minus 2.0pt
* \hoffset=0.0pt
* \voffset=0.0pt
* \mag=1000
* \@twocolumnfalse
* \@twosidefalse
* \@mparswitchfalse
* \@reversemarginfalse
* (1in=72.27pt=25.4mm, 1cm=28.453pt)

(/usr/local/texlive/2013/texmf-dist/tex/context/base/supp-pdf.mkii
[Loading MPS to PDF converter (version 2006.09.02).]
\scratchcounter=\count93
\scratchdimen=\dimen117
\scratchbox=\box30
\nofMPsegments=\count94
\nofMParguments=\count95
\everyMPshowfont=\toks18
\MPscratchCnt=\count96
\MPscratchDim=\dimen118
\MPnumerator=\count97
\makeMPintoPDFobject=\count98
\everyMPtoPDFconversion=\toks19
) (/usr/local/texlive/2013/texmf-dist/tex/generic/oberdiek/pdftexcmds.sty
Package: pdftexcmds 2011/11/29 v0.20 Utility functions of pdfTeX for LuaTeX (HO
)

(/usr/local/texlive/2013/texmf-dist/tex/generic/oberdiek/ifluatex.sty
Package: ifluatex 2010/03/01 v1.3 Provides the ifluatex switch (HO)
Package ifluatex Info: LuaTeX not detected.
)
Package pdftexcmds Info: LuaTeX not detected.
Package pdftexcmds Info: \pdf@primitive is available.
Package pdftexcmds Info: \pdf@ifprimitive is available.
Package pdftexcmds Info: \pdfdraftmode found.
)
(/usr/local/texlive/2013/texmf-dist/tex/latex/oberdiek/epstopdf-base.sty
Package: epstopdf-base 2010/02/09 v2.5 Base part for package epstopdf

(/usr/local/texlive/2013/texmf-dist/tex/latex/oberdiek/grfext.sty
Package: grfext 2010/08/19 v1.1 Manage graphics extensions (HO)

(/usr/local/texlive/2013/texmf-dist/tex/generic/oberdiek/kvdefinekeys.sty
Package: kvdefinekeys 2011/04/07 v1.3 Define keys (HO)
))
(/usr/local/texlive/2013/texmf-dist/tex/latex/oberdiek/kvoptions.sty
Package: kvoptions 2011/06/30 v3.11 Key value format for package options (HO)

(/usr/local/texlive/2013/texmf-dist/tex/generic/oberdiek/kvsetkeys.sty
Package: kvsetkeys 2012/04/25 v1.16 Key value parser (HO)

(/usr/local/texlive/2013/texmf-dist/tex/generic/oberdiek/etexcmds.sty
Package: etexcmds 2011/02/16 v1.5 Avoid name clashes with e-TeX commands (HO)
Package etexcmds Info: Could not find \expanded.
(etexcmds)             That can mean that you are not using pdfTeX 1.50 or
(etexcmds)             that some package has redefined \expanded.
(etexcmds)             In the latter case, load this package earlier.
)))
Package grfext Info: Graphics extension search list:
(grfext)             [.png,.pdf,.jpg,.mps,.jpeg,.jbig2,.jb2,.PNG,.PDF,.JPG,.JPE
G,.JBIG2,.JB2,.eps]
(grfext)             \AppendGraphicsExtensions on input line 452.

(/usr/local/texlive/2013/texmf-dist/tex/latex/latexconfig/epstopdf-sys.cfg
File: epstopdf-sys.cfg 2010/07/13 v1.3 Configuration of (r)epstopdf for TeX Liv
e
))
*geometry* verbose mode - [ newgeometry ] result:
* driver: pdftex
* paper: <default>
* layout: <same size as paper>
* layoutoffset:(h,v)=(0.0pt,0.0pt)
* modes: 
* h-part:(L,W,R)=(108.405pt, 433.62001pt, 72.26999pt)
* v-part:(T,H,B)=(108.405pt, 614.295pt, 72.26999pt)
* \paperwidth=614.295pt
* \paperheight=794.96999pt
* \textwidth=433.62001pt
* \textheight=614.295pt
* \oddsidemargin=36.13501pt
* \evensidemargin=36.13501pt
* \topmargin=-0.86499pt
* \headheight=12.0pt
* \headsep=25.0pt
* \topskip=12.0pt
* \footskip=30.0pt
* \marginparwidth=44.0pt
* \marginparsep=10.0pt
* \columnsep=10.0pt
* \skip\footins=10.8pt plus 4.0pt minus 2.0pt
* \hoffset=0.0pt
* \voffset=0.0pt
* \mag=1000
* \@twocolumnfalse
* \@twosidefalse
* \@mparswitchfalse
* \@reversemarginfalse
* (1in=72.27pt=25.4mm, 1cm=28.453pt)

LaTeX Font Info:    External font `cmex10' loaded for size
(Font)              <14.4> on input line 30.
LaTeX Font Info:    External font `cmex10' loaded for size
(Font)              <7> on input line 30.

Overfull \hbox (13.83383pt too wide) in paragraph at lines 30--30
 []$[]$ 
 []


Overfull \hbox (13.99059pt too wide) in paragraph at lines 32--32
 []$[]$ 
 []


Overfull \hbox (12.91899pt too wide) in paragraph at lines 34--35
 []$[]$ 
 []

<images/barrett.png, id=1, 501.875pt x 200.75pt>
File: images/barrett.png Graphic file (type png)
 <use images/barrett.png>
Package pdftex.def Info: images/barrett.png used on input line 38.
(pdftex.def)             Requested size: 173.44534pt x 69.37828pt.

[1


{/usr/local/texlive/2013/texmf-var/fonts/map/pdftex/updmap/pdftex.map} <./image
s/barrett.png>] (./Thesis Report.toc
LaTeX Font Info:    External font `cmex10' loaded for size
(Font)              <12> on input line 3.
LaTeX Font Info:    External font `cmex10' loaded for size
(Font)              <8> on input line 3.
LaTeX Font Info:    External font `cmex10' loaded for size
(Font)              <6> on input line 3.
)
\tf@toc=\write3
\openout3 = `"Thesis Report.toc"'.

 (./Thesis Report.lof)
\tf@lof=\write4
\openout4 = `"Thesis Report.lof"'.

 [1

]
Overfull \hbox (8.13652pt too wide) in paragraph at lines 59--60
\OT1/cmr/m/n/12 Web de-vel-op-ment tech-nolo-gies, and in par-tic-u-lar the pro
-gram-ming lan-guage JavaScript,
 []

[2] [3] <images/layout.jpeg, id=23, 1067.99pt x 639.38875pt>
File: images/layout.jpeg Graphic file (type jpg)

<use images/layout.jpeg>
Package pdftex.def Info: images/layout.jpeg used on input line 81.
(pdftex.def)             Requested size: 427.18845pt x 255.75096pt.
 [4 <./images/layout.jpeg>] [5]
LaTeX Font Info:    Try loading font information for OMS+cmtt on input line 100
.
LaTeX Font Info:    No file OMScmtt.fd. on input line 100.


LaTeX Font Warning: Font shape `OMS/cmtt/m/n' undefined
(Font)              using `OMS/cmsy/m/n' instead
(Font)              for symbol `textbraceleft' on input line 100.


Overfull \hbox (106.8447pt too wide) in paragraph at lines 100--101
\OT1/cmr/m/n/12 of the JSON ob-ject is  \OMS/cmtt/m/n/12 f\OT1/cmtt/m/n/12 cell
s:[\OMS/cmtt/m/n/12 f\OT1/cmtt/m/n/12 color:hex[]val,allele:[-2,$\OMS/cmtt/m/n/
12 1$\OT1/cmtt/m/n/12 ),mutationNumber:[0,$\OMS/cmtt/m/n/12 1$g\OT1/cmtt/m/n/12
 ,\OMS/cmtt/m/n/12 f\OT1/cmtt/m/n/12 ...\OMS/cmtt/m/n/12 g\OT1/cmtt/m/n/12 ,...
]
 []

[6] <images/control-panel-class-diagram.jpg, id=35, 202.7575pt x 174.6525pt>
File: images/control-panel-class-diagram.jpg Graphic file (type jpg)

<use images/control-panel-class-diagram.jpg>
Package pdftex.def Info: images/control-panel-class-diagram.jpg used on input l
ine 113.
(pdftex.def)             Requested size: 101.3785pt x 87.32603pt.


LaTeX Warning: `h' float specifier changed to `ht'.

<images/grid-class-diagram.jpg, id=36, 202.7575pt x 498.86375pt>
File: images/grid-class-diagram.jpg Graphic file (type jpg)

<use images/grid-class-diagram.jpg>
Package pdftex.def Info: images/grid-class-diagram.jpg used on input line 131.
(pdftex.def)             Requested size: 101.3785pt x 249.43126pt.

Underfull \hbox (badness 10000) in paragraph at lines 117--133

 []


Underfull \hbox (badness 10000) in paragraph at lines 117--133

 []


Underfull \hbox (badness 10000) in paragraph at lines 117--133

 []


Underfull \hbox (badness 10000) in paragraph at lines 117--133

 []


Underfull \hbox (badness 10000) in paragraph at lines 117--133

 []

[7] [8 <./images/control-panel-class-diagram.jpg>]

LaTeX Warning: `h' float specifier changed to `ht'.

<images/plot-class-diagram.jpg, id=43, 232.87pt x 187.70125pt>
File: images/plot-class-diagram.jpg Graphic file (type jpg)

<use images/plot-class-diagram.jpg>
Package pdftex.def Info: images/plot-class-diagram.jpg used on input line 139.
(pdftex.def)             Requested size: 116.43471pt x 93.85039pt.
 [9]
<images/cell-class-diagram.jpg, id=47, 202.7575pt x 148.555pt>
File: images/cell-class-diagram.jpg Graphic file (type jpg)

<use images/cell-class-diagram.jpg>
Package pdftex.def Info: images/cell-class-diagram.jpg used on input line 147.
(pdftex.def)             Requested size: 101.3785pt x 74.27731pt.
 [10 <./images/grid-class-diagram.jpg> <./images/plot-class-diagram.jpg>]
<images/sequence-diagram.jpg, id=51, 752.8125pt x 606.265pt>
File: images/sequence-diagram.jpg Graphic file (type jpg)

<use images/sequence-diagram.jpg>
Package pdftex.def Info: images/sequence-diagram.jpg used on input line 155.
(pdftex.def)             Requested size: 376.40532pt x 303.13176pt.


LaTeX Warning: `h' float specifier changed to `ht'.


Underfull \hbox (badness 10000) in paragraph at lines 160--169

 []


Underfull \hbox (badness 10000) in paragraph at lines 160--169

 []


Underfull \hbox (badness 10000) in paragraph at lines 160--169

 []


Underfull \hbox (badness 10000) in paragraph at lines 160--169

 []

[11 <./images/cell-class-diagram.jpg>] [12 <./images/sequence-diagram.jpg>]
[13] [14]
Overfull \hbox (0.21024pt too wide) in paragraph at lines 193--194
[]\OT1/cmr/bx/n/12 Learning ob-jec-tive: stu-dents will iden-tify the fu-ture i
m-pact of founder
 []

[15] [16]
Underfull \hbox (badness 10000) in paragraph at lines 225--228

 []

[17] [18]
Underfull \hbox (badness 10000) in paragraph at lines 230--233

 []

[19]
Underfull \hbox (badness 10000) in paragraph at lines 235--240

 []


Underfull \hbox (badness 10000) in paragraph at lines 235--240

 []

[20] [21] [22]
Underfull \hbox (badness 10000) in paragraph at lines 261--262
[]\OT1/cmr/m/n/12 Facts About Color Blind-ness. (2015, Febru-ary 1). Re-trieved
 from
 []


Underfull \hbox (badness 10000) in paragraph at lines 279--280
[]\OT1/cmr/m/n/12 Populus. (2015, March 19). Re-trieved from
 []

[23] [24] (./Thesis Report.aux)

LaTeX Font Warning: Some font shapes were not available, defaults substituted.

 ) 
Here is how much of TeX's memory you used:
 2493 strings out of 493315
 36960 string characters out of 6137904
 107236 words of memory out of 5000000
 5908 multiletter control sequences out of 15000+600000
 9430 words of font info for 34 fonts, out of 8000000 for 9000
 957 hyphenation exceptions out of 8191
 37i,7n,24p,1572b,303s stack positions out of 5000i,500n,10000p,200000b,80000s
</usr/local/texlive/2013/texmf-dist/fonts/type1/public/amsfonts/cm/cmbx12.pfb
></usr/local/texlive/2013/texmf-dist/fonts/type1/public/amsfonts/cm/cmmi12.pfb>
</usr/local/texlive/2013/texmf-dist/fonts/type1/public/amsfonts/cm/cmr12.pfb></
usr/local/texlive/2013/texmf-dist/fonts/type1/public/amsfonts/cm/cmr17.pfb></us
r/local/texlive/2013/texmf-dist/fonts/type1/public/amsfonts/cm/cmsy10.pfb></usr
/local/texlive/2013/texmf-dist/fonts/type1/public/amsfonts/cm/cmti12.pfb></usr/
local/texlive/2013/texmf-dist/fonts/type1/public/amsfonts/cm/cmtt12.pfb>
Output written on "Thesis Report.pdf" (25 pages, 382030 bytes).
PDF statistics:
 122 PDF objects out of 1000 (max. 8388607)
 79 compressed objects within 1 object stream
 0 named destinations out of 1000 (max. 500000)
 36 words of extra memory for PDF output out of 10000 (max. 10000000)

